<?xml version="1.0" encoding="UTF-8"?>
<testng-results ignored="3" total="5" passed="1" failed="1" skipped="0">
  <reporter-output>
    <line>
      <![CDATA[<a target="_blank" href="D:\JavaWorkSpaceNew-Selenium1Jan2021\DataDrivenFramework2\Capture.jpg"><img src="D:\JavaWorkSpaceNew-Selenium1Jan2021\DataDrivenFramework2\Capture.jpg" height=200 weight=200></img> </a>]]>
    </line>
  </reporter-output>
  <suite started-at="2021-01-07T00:34:41Z" name="Default suite" finished-at="2021-01-07T00:34:51Z" duration-ms="9918">
    <groups>
    </groups>
    <test started-at="2021-01-07T00:34:41Z" name="Default test" finished-at="2021-01-07T00:34:51Z" duration-ms="9918">
      <class name="com.hrm.qa.basetest.BaseTest">
        <test-method is-config="true" signature="setUp()[pri:0, instance:com.hrm.qa.basetest.BaseTest@75cd8043]" started-at="2021-01-07T00:34:29Z" name="setUp" finished-at="2021-01-07T00:34:41Z" duration-ms="11347" status="PASS">
          <reporter-output>
          </reporter-output>
        </test-method> <!-- setUp -->
      </class> <!-- com.hrm.qa.basetest.BaseTest -->
      <class name="com.hrm.qa.testcase.OrangeTest">
        <test-method signature="login(java.lang.String, java.lang.String)[pri:0, instance:com.hrm.qa.testcase.OrangeTest@33b1c5c5]" started-at="2021-01-07T00:34:42Z" name="login" data-provider="getLoginData" finished-at="2021-01-07T00:34:44Z" duration-ms="1862" status="PASS">
          <params>
            <param index="0">
              <value>
                <![CDATA[admin]]>
              </value>
            </param>
            <param index="1">
              <value>
                <![CDATA[admin123]]>
              </value>
            </param>
          </params>
          <reporter-output>
            <line>
              <![CDATA[<a target="_blank" href="D:\JavaWorkSpaceNew-Selenium1Jan2021\DataDrivenFramework2\Capture.jpg"><img src="D:\JavaWorkSpaceNew-Selenium1Jan2021\DataDrivenFramework2\Capture.jpg" height=200 weight=200></img> </a>]]>
            </line>
          </reporter-output>
        </test-method> <!-- login -->
        <test-method signature="validatePage()[pri:0, instance:com.hrm.qa.testcase.OrangeTest@33b1c5c5]" started-at="2021-01-07T00:34:44Z" name="validatePage" finished-at="2021-01-07T00:34:51Z" duration-ms="6403" status="FAIL">
          <exception class="org.openqa.selenium.NoSuchElementException">
            <message>
              <![CDATA[Cannot locate an element using xpath=//h1[contains(text(),'Dashboard1')]
For documentation on this error, please visit: https://www.seleniumhq.org/exceptions/no_such_element.html
Build info: version: '3.141.59', revision: 'e82be7d358', time: '2018-11-14T08:17:03'
System info: host: 'LAPTOP-0G4AGPL8', ip: '192.168.1.12', os.name: 'Windows 10', os.arch: 'amd64', os.version: '10.0', java.version: '15.0.1'
Driver info: driver.version: RemoteWebDriver]]>
            </message>
            <full-stacktrace>
              <![CDATA[org.openqa.selenium.NoSuchElementException: Cannot locate an element using xpath=//h1[contains(text(),'Dashboard1')]
For documentation on this error, please visit: https://www.seleniumhq.org/exceptions/no_such_element.html
Build info: version: '3.141.59', revision: 'e82be7d358', time: '2018-11-14T08:17:03'
System info: host: 'LAPTOP-0G4AGPL8', ip: '192.168.1.12', os.name: 'Windows 10', os.arch: 'amd64', os.version: '10.0', java.version: '15.0.1'
Driver info: driver.version: RemoteWebDriver
at org.openqa.selenium.remote.RemoteWebDriver.findElement(RemoteWebDriver.java:327)
at org.openqa.selenium.remote.RemoteWebDriver.findElementByXPath(RemoteWebDriver.java:428)
at org.openqa.selenium.By$ByXPath.findElement(By.java:353)
at org.openqa.selenium.remote.RemoteWebDriver.findElement(RemoteWebDriver.java:315)
at com.hrm.qa.basetest.BaseTest.isElementPresent(BaseTest.java:79)
at com.hrm.qa.testcase.OrangeTest.validatePage(OrangeTest.java:41)
at java.base/jdk.internal.reflect.NativeMethodAccessorImpl.invoke0(Native Method)
at java.base/jdk.internal.reflect.NativeMethodAccessorImpl.invoke(NativeMethodAccessorImpl.java:64)
at java.base/jdk.internal.reflect.DelegatingMethodAccessorImpl.invoke(DelegatingMethodAccessorImpl.java:43)
at java.base/java.lang.reflect.Method.invoke(Method.java:564)
at org.testng.internal.MethodInvocationHelper.invokeMethod(MethodInvocationHelper.java:124)
at org.testng.internal.Invoker.invokeMethod(Invoker.java:583)
at org.testng.internal.Invoker.invokeTestMethod(Invoker.java:719)
at org.testng.internal.Invoker.invokeTestMethods(Invoker.java:989)
at org.testng.internal.TestMethodWorker.invokeTestMethods(TestMethodWorker.java:125)
at org.testng.internal.TestMethodWorker.run(TestMethodWorker.java:109)
at org.testng.TestRunner.privateRun(TestRunner.java:648)
at org.testng.TestRunner.run(TestRunner.java:505)
at org.testng.SuiteRunner.runTest(SuiteRunner.java:455)
at org.testng.SuiteRunner.runSequentially(SuiteRunner.java:450)
at org.testng.SuiteRunner.privateRun(SuiteRunner.java:415)
at org.testng.SuiteRunner.run(SuiteRunner.java:364)
at org.testng.SuiteRunnerWorker.runSuite(SuiteRunnerWorker.java:52)
at org.testng.SuiteRunnerWorker.run(SuiteRunnerWorker.java:84)
at org.testng.TestNG.runSuitesSequentially(TestNG.java:1208)
at org.testng.TestNG.runSuitesLocally(TestNG.java:1137)
at org.testng.TestNG.runSuites(TestNG.java:1049)
at org.testng.TestNG.run(TestNG.java:1017)
at org.testng.remote.AbstractRemoteTestNG.run(AbstractRemoteTestNG.java:115)
at org.testng.remote.RemoteTestNG.initAndRun(RemoteTestNG.java:251)
at org.testng.remote.RemoteTestNG.main(RemoteTestNG.java:77)
]]>
            </full-stacktrace>
          </exception> <!-- org.openqa.selenium.NoSuchElementException -->
          <reporter-output>
          </reporter-output>
        </test-method> <!-- validatePage -->
      </class> <!-- com.hrm.qa.testcase.OrangeTest -->
    </test> <!-- Default test -->
  </suite> <!-- Default suite -->
</testng-results>
